c:\users\anche\documents\studium\infoprojekt\projekt\infoproj\debug\vc143.pdb
c:\users\anche\documents\studium\infoprojekt\projekt\infoproj\debug\vc143.idb
c:\users\anche\documents\studium\infoprojekt\projekt\infoproj\debug\point3d.obj
c:\users\anche\documents\studium\infoprojekt\projekt\infoproj\debug\robcodegenerator.obj
c:\users\anche\documents\studium\infoprojekt\projekt\infoproj\debug\pathbuilder.obj
c:\users\anche\documents\studium\infoprojekt\projekt\infoproj\debug\robpatheditor.obj
c:\users\anche\documents\studium\infoprojekt\projekt\infoproj\debug\line2d.obj
c:\users\anche\documents\studium\infoprojekt\projekt\infoproj\debug\point2d.obj
c:\users\anche\documents\studium\infoprojekt\projekt\infoproj\debug\segmentsequencer.obj
c:\users\anche\documents\studium\infoprojekt\projekt\infoproj\debug\line3d.obj
c:\users\anche\documents\studium\infoprojekt\projekt\infoproj\debug\segmentapproximator.obj
c:\users\anche\documents\studium\infoprojekt\projekt\infoproj\debug\meanfilter.obj
c:\users\anche\documents\studium\infoprojekt\projekt\infoproj\debug\inputparameter.obj
c:\users\anche\documents\studium\infoprojekt\projekt\infoproj\debug\gui.obj
c:\users\anche\documents\studium\infoprojekt\projekt\infoproj\debug\eulermatrix.obj
c:\users\anche\documents\studium\infoprojekt\projekt\infoproj\debug\robpatheditor.exe
c:\users\anche\documents\studium\infoprojekt\projekt\infoproj\debug\robpatheditor.ilk
c:\users\anche\documents\studium\infoprojekt\projekt\infoproj\debug\robpatheditor.pdb
c:\users\anche\documents\studium\infoprojekt\projekt\infoproj\debug\robpatheditor.tlog\cl.command.1.tlog
c:\users\anche\documents\studium\infoprojekt\projekt\infoproj\debug\robpatheditor.tlog\cl.items.tlog
c:\users\anche\documents\studium\infoprojekt\projekt\infoproj\debug\robpatheditor.tlog\cl.read.1.tlog
c:\users\anche\documents\studium\infoprojekt\projekt\infoproj\debug\robpatheditor.tlog\cl.write.1.tlog
c:\users\anche\documents\studium\infoprojekt\projekt\infoproj\debug\robpatheditor.tlog\link.command.1.tlog
c:\users\anche\documents\studium\infoprojekt\projekt\infoproj\debug\robpatheditor.tlog\link.read.1.tlog
c:\users\anche\documents\studium\infoprojekt\projekt\infoproj\debug\robpatheditor.tlog\link.write.1.tlog
