This is pdfTeX, Version 3.141592653-2.6-1.40.24 (MiKTeX 22.3) (preloaded format=pdflatex 2022.7.4)  22 AUG 2023 17:34
entering extended mode
 restricted \write18 enabled.
 %&-line parsing enabled.
**./refman.tex
(refman.tex
LaTeX2e <2021-11-15> patch level 1
L3 programming layer <2022-02-24>
(C:\Users\anche\AppData\Local\Programs\MiKTeX\tex/latex/base\book.cls
Document Class: book 2021/10/04 v1.4n Standard LaTeX document class
(C:\Users\anche\AppData\Local\Programs\MiKTeX\tex/latex/base\bk10.clo
File: bk10.clo 2021/10/04 v1.4n Standard LaTeX file (size option)
)
\c@part=\count185
\c@chapter=\count186
\c@section=\count187
\c@subsection=\count188
\c@subsubsection=\count189
\c@paragraph=\count190
\c@subparagraph=\count191
\c@figure=\count192
\c@table=\count193
\abovecaptionskip=\skip47
\belowcaptionskip=\skip48
\bibindent=\dimen138
)
(C:\Users\anche\AppData\Local\Programs\MiKTeX\tex/latex/base\ifthen.sty
Package: ifthen 2020/11/24 v1.1c Standard LaTeX ifthen package (DPC)
)
(C:\Users\anche\AppData\Local\Programs\MiKTeX\tex/latex/tools\array.sty
Rollback for package 'array' requested -> date 2016-10-06.
         Best approximation is the release introduced on 2016-10-06.

(C:\Users\anche\AppData\Local\Programs\MiKTeX\tex/latex/tools\array-2016-10-06.
sty
Package: array 2016/10/06 v2.4d Tabular extension package (FMi)
\col@sep=\dimen139
\extrarowheight=\dimen140
\NC@list=\toks16
\extratabsurround=\skip49
\backup@length=\skip50
))
(C:\Users\anche\AppData\Local\Programs\MiKTeX\tex/generic/infwarerr\infwarerr.s
ty
package info suppressed
) (doxygen.sty
Package: doxygen 

(C:\Users\anche\AppData\Local\Programs\MiKTeX\tex/latex/base\alltt.sty
Package: alltt 2021/01/29 v2.0g defines alltt environment
)
(C:\Users\anche\AppData\Local\Programs\MiKTeX\tex/latex/tools\calc.sty
Package: calc 2017/05/25 v4.3 Infix arithmetic (KKT,FJ)
\calc@Acount=\count194
\calc@Bcount=\count195
\calc@Adimen=\dimen141
\calc@Bdimen=\dimen142
\calc@Askip=\skip51
\calc@Bskip=\skip52
LaTeX Info: Redefining \setlength on input line 80.
LaTeX Info: Redefining \addtolength on input line 81.
\calc@Ccount=\count196
\calc@Cskip=\skip53
)
(C:\Users\anche\AppData\Local\Programs\MiKTeX\tex/latex/float\float.sty
Package: float 2001/11/08 v1.3d Float enhancements (AL)
\c@float@type=\count197
\float@exts=\toks17
\float@box=\box50
\@float@everytoks=\toks18
\@floatcapt=\box51
)
(C:\Users\anche\AppData\Local\Programs\MiKTeX\tex/latex/tools\verbatim.sty
Package: verbatim 2020-07-07 v1.5u LaTeX2e package for verbatim enhancements
\every@verbatim=\toks19
\verbatim@line=\toks20
\verbatim@in@stream=\read2
)
(C:\Users\anche\AppData\Local\Programs\MiKTeX\tex/latex/xcolor\xcolor.sty
Package: xcolor 2021/10/31 v2.13 LaTeX color extensions (UK)

(C:\Users\anche\AppData\Local\Programs\MiKTeX\tex/latex/graphics-cfg\color.cfg
File: color.cfg 2016/01/02 v1.6 sample color configuration
)
Package xcolor Info: Driver file: pdftex.def on input line 227.

(C:\Users\anche\AppData\Local\Programs\MiKTeX\tex/latex/graphics-def\pdftex.def
File: pdftex.def 2020/10/05 v1.2a Graphics/color driver for pdftex
) (C:\Users\anche\AppData\Local\Programs\MiKTeX\tex/latex/colortbl\colortbl.sty
Package: colortbl 2022/06/20 v1.0f Color table columns (DPC)
\everycr=\toks21
\minrowclearance=\skip54
\rownum=\count198
)
Package xcolor Info: Model `cmy' substituted by `cmy0' on input line 1352.
Package xcolor Info: Model `hsb' substituted by `rgb' on input line 1356.
Package xcolor Info: Model `RGB' extended on input line 1368.
Package xcolor Info: Model `HTML' substituted by `rgb' on input line 1370.
Package xcolor Info: Model `Hsb' substituted by `hsb' on input line 1371.
Package xcolor Info: Model `tHsb' substituted by `hsb' on input line 1372.
Package xcolor Info: Model `HSB' substituted by `hsb' on input line 1373.
Package xcolor Info: Model `Gray' substituted by `gray' on input line 1374.
Package xcolor Info: Model `wave' substituted by `hsb' on input line 1375.
) (longtable_doxygen.sty
Package: longtable_doxygen 2014/10/28 v4.11 Multi-page Table package (DPC) - fr
ozen version for doxygen
\LTleft=\skip55
\LTright=\skip56
\LTpre=\skip57
\LTpost=\skip58
\LTchunksize=\count199
\LTcapwidth=\dimen143
\LT@head=\box52
\LT@firsthead=\box53
\LT@foot=\box54
\LT@lastfoot=\box55
\LT@cols=\count266
\LT@rows=\count267
\c@LT@tables=\count268
\c@LT@chunks=\count269
\LT@p@ftn=\toks22
) (tabu_doxygen.sty
Package: tabu_doxygen 2011/02/26 v2.8 - flexible LaTeX tabulars (FC), frozen ve
rsion for doxygen

(C:\Users\anche\AppData\Local\Programs\MiKTeX\tex/latex/varwidth\varwidth.sty
Package: varwidth 2009/03/30 ver 0.92;  Variable-width minipages
\@vwid@box=\box56
\sift@deathcycles=\count270
\@vwid@loff=\dimen144
\@vwid@roff=\dimen145
)
\c@taburow=\count271
\tabu@nbcols=\count272
\tabu@cnt=\count273
\tabu@Xcol=\count274
\tabu@alloc=\count275
\tabu@nested=\count276
\tabu@target=\dimen146
\tabu@spreadtarget=\dimen147
\tabu@naturalX=\dimen148
\tabucolX=\dimen149
\tabu@Xsum=\dimen150
\extrarowdepth=\dimen151
\abovetabulinesep=\dimen152
\belowtabulinesep=\dimen153
\tabustrutrule=\dimen154
\tabu@thebody=\toks23
\tabu@footnotes=\toks24
\tabu@box=\box57
\tabu@arstrutbox=\box58
\tabu@hleads=\box59
\tabu@vleads=\box60
\tabu@cellskip=\skip59
) (C:\Users\anche\AppData\Local\Programs\MiKTeX\tex/latex/fancyvrb\fancyvrb.sty
Package: fancyvrb 2023/01/19 4.5a verbatim text (tvz,hv)

(C:\Users\anche\AppData\Local\Programs\MiKTeX\tex/latex/graphics\keyval.sty
Package: keyval 2014/10/28 v1.15 key=value parser (DPC)
\KV@toks@=\toks25
)
\FV@CodeLineNo=\count277
\FV@InFile=\read3
\FV@TabBox=\box61
\c@FancyVerbLine=\count278
\FV@StepNumber=\count279
\FV@OutFile=\write3
)
(C:\Users\anche\AppData\Local\Programs\MiKTeX\tex/latex/tools\tabularx.sty
Package: tabularx 2020/01/15 v2.11c `tabularx' package (DPC)
\TX@col@width=\dimen155
\TX@old@table=\dimen156
\TX@old@col=\dimen157
\TX@target=\dimen158
\TX@delta=\dimen159
\TX@cols=\count280
\TX@ftn=\toks26
)
(C:\Users\anche\AppData\Local\Programs\MiKTeX\tex/latex/tools\multicol.sty
Package: multicol 2021/10/28 v1.9b multicolumn formatting (FMi)
\c@tracingmulticols=\count281
\mult@box=\box62
\multicol@leftmargin=\dimen160
\c@unbalance=\count282
\c@collectmore=\count283
\doublecol@number=\count284
\multicoltolerance=\count285
\multicolpretolerance=\count286
\full@width=\dimen161
\page@free=\dimen162
\premulticols=\dimen163
\postmulticols=\dimen164
\multicolsep=\skip60
\multicolbaselineskip=\skip61
\partial@page=\box63
\last@line=\box64
\maxbalancingoverflow=\dimen165
\mult@rightbox=\box65
\mult@grightbox=\box66
\mult@firstbox=\box67
\mult@gfirstbox=\box68
\@tempa=\box69
\@tempa=\box70
\@tempa=\box71
\@tempa=\box72
\@tempa=\box73
\@tempa=\box74
\@tempa=\box75
\@tempa=\box76
\@tempa=\box77
\@tempa=\box78
\@tempa=\box79
\@tempa=\box80
\@tempa=\box81
\@tempa=\box82
\@tempa=\box83
\@tempa=\box84
\@tempa=\box85
\@tempa=\box86
\@tempa=\box87
\@tempa=\box88
\@tempa=\box89
\@tempa=\box90
\@tempa=\box91
\@tempa=\box92
\@tempa=\box93
\@tempa=\box94
\@tempa=\box95
\@tempa=\box96
\@tempa=\box97
\@tempa=\box98
\@tempa=\box99
\@tempa=\box100
\@tempa=\box101
\@tempa=\box102
\@tempa=\box103
\@tempa=\box104
\c@minrows=\count287
\c@columnbadness=\count288
\c@finalcolumnbadness=\count289
\last@try=\dimen166
\multicolovershoot=\dimen167
\multicolundershoot=\dimen168
\mult@nat@firstbox=\box105
\colbreak@box=\box106
\mc@col@check@num=\count290
)
(C:\Users\anche\AppData\Local\Programs\MiKTeX\tex/latex/multirow\multirow.sty
Package: multirow 2021/03/15 v2.8 Span multiple rows of a table
\multirow@colwidth=\skip62
\multirow@cntb=\count291
\multirow@dima=\skip63
\bigstrutjot=\dimen169
)
(C:\Users\anche\AppData\Local\Programs\MiKTeX\tex/latex/hanging\hanging.sty
Package: hanging 2009/09/02 v1.2b hanging paragraphs and punctuation
\h@ngcommawd=\skip64
\h@ngfstopwd=\skip65
\h@ngquotewd=\skip66
\h@ngdquotewd=\skip67
\h@ngquerywd=\skip68
\h@ngexclwd=\skip69
\h@ngcolonwd=\skip70
\h@ngscolonwd=\skip71
)
(C:\Users\anche\AppData\Local\Programs\MiKTeX\tex/generic/iftex\ifpdf.sty
Package: ifpdf 2019/10/25 v3.4 ifpdf legacy package. Use iftex instead.

(C:\Users\anche\AppData\Local\Programs\MiKTeX\tex/generic/iftex\iftex.sty
Package: iftex 2022/02/03 v1.0f TeX engine tests
))
(C:\Users\anche\AppData\Local\Programs\MiKTeX\tex/latex/adjustbox\adjustbox.sty
Package: adjustbox 2022/10/17 v1.3a Adjusting TeX boxes (trim, clip, ...)
(C:\Users\anche\AppData\Local\Programs\MiKTeX\tex/latex/xkeyval\xkeyval.sty
Package: xkeyval 2020/11/20 v2.8 package option processing (HA)

(C:\Users\anche\AppData\Local\Programs\MiKTeX\tex/generic/xkeyval\xkeyval.tex
(C:\Users\anche\AppData\Local\Programs\MiKTeX\tex/generic/xkeyval\xkvutils.tex
\XKV@toks=\toks27
\XKV@tempa@toks=\toks28
)
\XKV@depth=\count292
File: xkeyval.tex 2014/12/03 v2.7a key=value parser (HA)
))
(C:\Users\anche\AppData\Local\Programs\MiKTeX\tex/latex/adjustbox\adjcalc.sty
Package: adjcalc 2012/05/16 v1.1 Provides advanced setlength with multiple back
-ends (calc, etex, pgfmath)
)
(C:\Users\anche\AppData\Local\Programs\MiKTeX\tex/latex/adjustbox\trimclip.sty
Package: trimclip 2020/08/19 v1.2 Trim and clip general TeX material

(C:\Users\anche\AppData\Local\Programs\MiKTeX\tex/latex/graphics\graphicx.sty
Package: graphicx 2021/09/16 v1.2d Enhanced LaTeX Graphics (DPC,SPQR)

(C:\Users\anche\AppData\Local\Programs\MiKTeX\tex/latex/graphics\graphics.sty
Package: graphics 2021/03/04 v1.4d Standard LaTeX Graphics (DPC,SPQR)

(C:\Users\anche\AppData\Local\Programs\MiKTeX\tex/latex/graphics\trig.sty
Package: trig 2021/08/11 v1.11 sin cos tan (DPC)
)
(C:\Users\anche\AppData\Local\Programs\MiKTeX\tex/latex/graphics-cfg\graphics.c
fg
File: graphics.cfg 2016/06/04 v1.11 sample graphics configuration
)
Package graphics Info: Driver file: pdftex.def on input line 107.
)
\Gin@req@height=\dimen170
\Gin@req@width=\dimen171
)
(C:\Users\anche\AppData\Local\Programs\MiKTeX\tex/latex/collectbox\collectbox.s
ty
Package: collectbox 2022/10/17 v0.4c Collect macro arguments as boxes
\collectedbox=\box107
)
\tc@llx=\dimen172
\tc@lly=\dimen173
\tc@urx=\dimen174
\tc@ury=\dimen175
Package trimclip Info: Using driver 'tc-pdftex.def'.

(C:\Users\anche\AppData\Local\Programs\MiKTeX\tex/latex/adjustbox\tc-pdftex.def
File: tc-pdftex.def 2019/01/04 v2.2 Clipping driver for pdftex
))
\adjbox@Width=\dimen176
\adjbox@Height=\dimen177
\adjbox@Depth=\dimen178
\adjbox@Totalheight=\dimen179
\adjbox@pwidth=\dimen180
\adjbox@pheight=\dimen181
\adjbox@pdepth=\dimen182
\adjbox@ptotalheight=\dimen183

(C:\Users\anche\AppData\Local\Programs\MiKTeX\tex/latex/ifoddpage\ifoddpage.sty
Package: ifoddpage 2022/10/18 v1.2 Conditionals for odd/even page detection
\c@checkoddpage=\count293
)) (C:\Users\anche\AppData\Local\Programs\MiKTeX\tex/latex/amsfonts\amssymb.sty
Package: amssymb 2013/01/14 v3.01 AMS font symbols
(C:\Users\anche\AppData\Local\Programs\MiKTeX\tex/latex/amsfonts\amsfonts.sty
Package: amsfonts 2013/01/14 v3.01 Basic AMSFonts support
\@emptytoks=\toks29
\symAMSa=\mathgroup4
\symAMSb=\mathgroup5
LaTeX Font Info:    Redeclaring math symbol \hbar on input line 98.
LaTeX Font Info:    Overwriting math alphabet `\mathfrak' in version `bold'
(Font)                  U/euf/m/n --> U/euf/b/n on input line 106.
))
(C:\Users\anche\AppData\Local\Programs\MiKTeX\tex/latex/stackengine\stackengine
.sty
Package: stackengine 2021/07/22 v4.11\ Stacking text and objects in convenient 
ways

(C:\Users\anche\AppData\Local\Programs\MiKTeX\tex/latex/etoolbox\etoolbox.sty
Package: etoolbox 2020/10/05 v2.5k e-TeX tools for LaTeX (JAW)
\etb@tempcnta=\count294
)
(C:\Users\anche\AppData\Local\Programs\MiKTeX\tex/latex/listofitems\listofitems
.sty
(C:\Users\anche\AppData\Local\Programs\MiKTeX\tex/generic/listofitems\listofite
ms.tex
\loi_cnt_foreach_nest=\count295
\loi_nestcnt=\count296
)
Package: listofitems 2019/08/21 v1.63 Grab items in lists using user-specified 
sep char (CT)
)
\c@@stackindex=\count297
\@boxshift=\skip72
\stack@tmplength=\skip73
\temp@stkl=\skip74
\@stackedboxwidth=\skip75
\@addedbox=\box108
\@anchorbox=\box109
\@insetbox=\box110
\se@backgroundbox=\box111
\stackedbox=\box112
\@centerbox=\box113
\c@ROWcellindex@=\count298
)
(C:\Users\anche\AppData\Local\Programs\MiKTeX\tex/latex/enumitem\enumitem.sty
Package: enumitem 2019/06/20 v3.9 Customized lists
\labelindent=\skip76
\enit@outerparindent=\dimen184
\enit@toks=\toks30
\enit@inbox=\box114
\enit@count@id=\count299
\enitdp@description=\count300
)
(C:\Users\anche\AppData\Local\Programs\MiKTeX\tex/generic/alphalph\alphalph.sty
Package: alphalph 2019/12/09 v2.6 Convert numbers to letters (HO)
(C:\Users\anche\AppData\Local\Programs\MiKTeX\tex/generic/intcalc\intcalc.sty
Package: intcalc 2019/12/15 v1.3 Expandable calculations with integers (HO)
)) (C:\Users\anche\AppData\Local\Programs\MiKTeX\tex/latex/ulem\ulem.sty
\UL@box=\box115
\UL@hyphenbox=\box116
\UL@skip=\skip77
\UL@hook=\toks31
\UL@height=\dimen185
\UL@pe=\count301
\UL@pixel=\dimen186
\ULC@box=\box117
Package: ulem 2019/11/18
\ULdepth=\dimen187
)
\xrefbox=\box118
\xreflength=\skip78
\CodeWidthChar=\skip79
\CodeHeightChar=\skip80
\DoxyCodeWidth=\skip81
\c@DoxyEnumeratei=\count302
\c@DoxyEnumerateii=\count303
\c@DoxyEnumerateiii=\count304
\c@DoxyEnumerateiv=\count305
\c@DoxyEnumeratev=\count306
\c@DoxyEnumeratevi=\count307
\c@DoxyEnumeratevii=\count308
\c@DoxyEnumerateviii=\count309
\c@DoxyEnumerateix=\count310
\c@DoxyEnumeratex=\count311
\c@DoxyEnumeratexi=\count312
\c@DoxyEnumeratexii=\count313
\enitdp@DoxyEnumerate=\count314
\enitdp@DoxyItemize=\count315
\c@subsubsubsection=\count316
\c@subsubsubsubsection=\count317
\c@subsubsubsubsubsection=\count318
\c@subsubsubsubsubsubsection=\count319
)
(C:\Users\anche\AppData\Local\Programs\MiKTeX\tex/latex/base\inputenc.sty
Package: inputenc 2021/02/14 v1.3d Input encoding file
\inpenc@prehook=\toks32
\inpenc@posthook=\toks33
)
(C:\Users\anche\AppData\Local\Programs\MiKTeX\tex/latex/base\makeidx.sty
Package: makeidx 2021/10/04 v1.0m Standard LaTeX package
)
(C:\Users\anche\AppData\Local\Programs\MiKTeX\tex/latex/base\textcomp.sty
Package: textcomp 2020/02/02 v2.0n Standard LaTeX package
)
(C:\Users\anche\AppData\Local\Programs\MiKTeX\tex/latex/wasysym\wasysym.sty
Package: wasysym 2020/01/19 v2.4 Wasy-2 symbol support package
\symwasy=\mathgroup6
LaTeX Font Info:    Overwriting symbol font `wasy' in version `bold'
(Font)                  U/wasy/m/n --> U/wasy/b/n on input line 93.
)
(C:\Users\anche\AppData\Local\Programs\MiKTeX\tex/generic/iftex\ifxetex.sty
Package: ifxetex 2019/10/25 v0.7 ifxetex legacy package. Use iftex instead.
)
(C:\Users\anche\AppData\Local\Programs\MiKTeX\tex/generic/babel\babel.sty
Package: babel 2022/02/26 3.73 The Babel package
\babel@savecnt=\count320
\U@D=\dimen188
\l@unhyphenated=\language79

(C:\Users\anche\AppData\Local\Programs\MiKTeX\tex/generic/babel\txtbabel.def)
\bbl@readstream=\read4
\bbl@dirlevel=\count321

*************************************
* Local config file bblopts.cfg used
*
(C:\Users\anche\AppData\Local\Programs\MiKTeX\tex/latex/arabi\bblopts.cfg
File: bblopts.cfg 2005/09/08 v0.1 add Arabic and Farsi to "declared" options of
 babel
)
(C:\Users\anche\AppData\Local\Programs\MiKTeX\tex/latex/babel-german\ngerman.ld
f
Language: ngerman 2021/02/27 v2.13 German support for babel (post-1996 orthogra
phy)

(C:\Users\anche\AppData\Local\Programs\MiKTeX\tex/latex/babel-german\ngermanb.l
df
Language: ngermanb 2021/02/27 v2.13 German support for babel (post-1996 orthogr
aphy)
Package babel Info: Making " an active character on input line 122.
))) (C:\Users\anche\AppData\Local\Programs\MiKTeX\tex/latex/base\fontenc.sty
Package: fontenc 2021/04/29 v2.0v Standard LaTeX package
) (C:\Users\anche\AppData\Local\Programs\MiKTeX\tex/latex/psnfss\helvet.sty
Package: helvet 2020/03/25 PSNFSS-v9.3 (WaS) 
)
(C:\Users\anche\AppData\Local\Programs\MiKTeX\tex/latex/psnfss\courier.sty
Package: courier 2020/03/25 PSNFSS-v9.3 (WaS) 
)
(C:\Users\anche\AppData\Local\Programs\MiKTeX\tex/latex/geometry\geometry.sty
Package: geometry 2020/01/02 v5.9 Page Geometry

(C:\Users\anche\AppData\Local\Programs\MiKTeX\tex/generic/iftex\ifvtex.sty
Package: ifvtex 2019/10/25 v1.7 ifvtex legacy package. Use iftex instead.
)
\Gm@cnth=\count322
\Gm@cntv=\count323
\c@Gm@tempcnt=\count324
\Gm@bindingoffset=\dimen189
\Gm@wd@mp=\dimen190
\Gm@odd@mp=\dimen191
\Gm@even@mp=\dimen192
\Gm@layoutwidth=\dimen193
\Gm@layoutheight=\dimen194
\Gm@layouthoffset=\dimen195
\Gm@layoutvoffset=\dimen196
\Gm@dimlist=\toks34

(C:\Users\anche\AppData\Local\Programs\MiKTeX\tex/latex/geometry\geometry.cfg))

(C:\Users\anche\AppData\Local\Programs\MiKTeX\tex/latex/changepage\changepage.s
ty
Package: changepage 2009/10/20 v1.0c check page and change page layout
\c@cp@cntr=\count325
\cp@tempcnt=\count326
LaTeX Info: Redefining \checkoddpage on input line 59.
)
(C:\Users\anche\AppData\Local\Programs\MiKTeX\tex/latex/fancyhdr\fancyhdr.sty
Package: fancyhdr 2022/11/09 v4.1 Extensive control of page headers and footers

\f@nch@headwidth=\skip82
\f@nch@O@elh=\skip83
\f@nch@O@erh=\skip84
\f@nch@O@olh=\skip85
\f@nch@O@orh=\skip86
\f@nch@O@elf=\skip87
\f@nch@O@erf=\skip88
\f@nch@O@olf=\skip89
\f@nch@O@orf=\skip90
)
(C:\Users\anche\AppData\Local\Programs\MiKTeX\tex/latex/natbib\natbib.sty
Package: natbib 2010/09/13 8.31b (PWD, AO)
\bibhang=\skip91
\bibsep=\skip92
LaTeX Info: Redefining \cite on input line 694.
\c@NAT@ctr=\count327
)
(C:\Users\anche\AppData\Local\Programs\MiKTeX\tex/latex/tocloft\tocloft.sty
Package: tocloft 2017/08/31 v2.3i parameterised ToC, etc., typesetting
Package tocloft Info: The document has chapter divisions on input line 51.
\cftparskip=\skip93
\cftbeforetoctitleskip=\skip94
\cftaftertoctitleskip=\skip95
\cftbeforepartskip=\skip96
\cftpartnumwidth=\skip97
\cftpartindent=\skip98
\cftbeforechapskip=\skip99
\cftchapindent=\skip100
\cftchapnumwidth=\skip101
\cftbeforesecskip=\skip102
\cftsecindent=\skip103
\cftsecnumwidth=\skip104
\cftbeforesubsecskip=\skip105
\cftsubsecindent=\skip106
\cftsubsecnumwidth=\skip107
\cftbeforesubsubsecskip=\skip108
\cftsubsubsecindent=\skip109
\cftsubsubsecnumwidth=\skip110
\cftbeforeparaskip=\skip111
\cftparaindent=\skip112
\cftparanumwidth=\skip113
\cftbeforesubparaskip=\skip114
\cftsubparaindent=\skip115
\cftsubparanumwidth=\skip116
\cftbeforeloftitleskip=\skip117
\cftafterloftitleskip=\skip118
\cftbeforefigskip=\skip119
\cftfigindent=\skip120
\cftfignumwidth=\skip121
\c@lofdepth=\count328
\c@lotdepth=\count329
\cftbeforelottitleskip=\skip122
\cftafterlottitleskip=\skip123
\cftbeforetabskip=\skip124
\cfttabindent=\skip125
\cfttabnumwidth=\skip126
)
\@indexfile=\write4
\openout4 = `refman.idx'.


Writing index file refman.idx

(C:\Users\anche\AppData\Local\Programs\MiKTeX\tex/latex/newunicodechar\newunico
dechar.sty
Package: newunicodechar 2018/04/08 v1.2 Defining Unicode characters
)
(C:\Users\anche\AppData\Local\Programs\MiKTeX\tex/latex/hyperref\hyperref.sty
Package: hyperref 2022-02-21 v7.00n Hypertext links for LaTeX

(C:\Users\anche\AppData\Local\Programs\MiKTeX\tex/generic/ltxcmds\ltxcmds.sty
Package: ltxcmds 2020-05-10 v1.25 LaTeX kernel commands for general use (HO)
)
(C:\Users\anche\AppData\Local\Programs\MiKTeX\tex/generic/pdftexcmds\pdftexcmds
.sty
Package: pdftexcmds 2020-06-27 v0.33 Utility functions of pdfTeX for LuaTeX (HO
)
Package pdftexcmds Info: \pdf@primitive is available.
Package pdftexcmds Info: \pdf@ifprimitive is available.
Package pdftexcmds Info: \pdfdraftmode found.
)
(C:\Users\anche\AppData\Local\Programs\MiKTeX\tex/generic/kvsetkeys\kvsetkeys.s
ty
Package: kvsetkeys 2019/12/15 v1.18 Key value parser (HO)
)
(C:\Users\anche\AppData\Local\Programs\MiKTeX\tex/generic/kvdefinekeys\kvdefine
keys.sty
Package: kvdefinekeys 2019-12-19 v1.6 Define keys (HO)
)
(C:\Users\anche\AppData\Local\Programs\MiKTeX\tex/generic/pdfescape\pdfescape.s
ty
Package: pdfescape 2019/12/09 v1.15 Implements pdfTeX's escape features (HO)
) (C:\Users\anche\AppData\Local\Programs\MiKTeX\tex/latex/hycolor\hycolor.sty
Package: hycolor 2020-01-27 v1.10 Color options for hyperref/bookmark (HO)
)
(C:\Users\anche\AppData\Local\Programs\MiKTeX\tex/latex/letltxmacro\letltxmacro
.sty
Package: letltxmacro 2019/12/03 v1.6 Let assignment for LaTeX macros (HO)
)
(C:\Users\anche\AppData\Local\Programs\MiKTeX\tex/latex/auxhook\auxhook.sty
Package: auxhook 2019-12-17 v1.6 Hooks for auxiliary files (HO)
)
(C:\Users\anche\AppData\Local\Programs\MiKTeX\tex/latex/kvoptions\kvoptions.sty
Package: kvoptions 2022-06-15 v3.15 Key value format for package options (HO)
)
\@linkdim=\dimen197
\Hy@linkcounter=\count330
\Hy@pagecounter=\count331
 (C:\Users\anche\AppData\Local\Programs\MiKTeX\tex/latex/hyperref\pd1enc.def
File: pd1enc.def 2022-02-21 v7.00n Hyperref: PDFDocEncoding definition (HO)
Now handling font encoding PD1 ...
... no UTF-8 mapping file for font encoding PD1
)
(C:\Users\anche\AppData\Local\Programs\MiKTeX\tex/generic/etexcmds\etexcmds.sty
Package: etexcmds 2019/12/15 v1.7 Avoid name clashes with e-TeX commands (HO)
)
\Hy@SavedSpaceFactor=\count332
 (C:\Users\anche\AppData\Local\Programs\MiKTeX\tex/latex/hyperref\puenc.def
File: puenc.def 2022-02-21 v7.00n Hyperref: PDF Unicode definition (HO)
Now handling font encoding PU ...
... no UTF-8 mapping file for font encoding PU
)
Package hyperref Info: Hyper figures OFF on input line 4137.
Package hyperref Info: Link nesting OFF on input line 4142.
Package hyperref Info: Hyper index ON on input line 4145.
Package hyperref Info: Plain pages OFF on input line 4152.
Package hyperref Info: Backreferencing ON on input line 4155.
Package hyperref Info: Implicit mode ON; LaTeX internals redefined.
Package hyperref Info: Bookmarks ON on input line 4390.

(C:\Users\anche\AppData\Local\Programs\MiKTeX\tex/latex/hyperref\backref.sty
Package: backref 2021/02/04 v1.41 Bibliographical back referencing

(C:\Users\anche\AppData\Local\Programs\MiKTeX\tex/latex/rerunfilecheck\rerunfil
echeck.sty
Package: rerunfilecheck 2019/12/05 v1.9 Rerun checks for auxiliary files (HO)

(C:\Users\anche\AppData\Local\Programs\MiKTeX\tex/latex/base\atveryend-ltx.sty
Package: atveryend-ltx 2020/08/19 v1.0a Emulation of the original atveryend pac
kage
with kernel methods
)
(C:\Users\anche\AppData\Local\Programs\MiKTeX\tex/generic/uniquecounter\uniquec
ounter.sty
Package: uniquecounter 2019/12/15 v1.4 Provide unlimited unique counter (HO)

(C:\Users\anche\AppData\Local\Programs\MiKTeX\tex/generic/bigintcalc\bigintcalc
.sty
Package: bigintcalc 2019/12/15 v1.5 Expandable calculations on big integers (HO
)
))
Package uniquecounter Info: New unique counter `rerunfilecheck' on input line 2
86.
))
\c@Hy@tempcnt=\count333
 (C:\Users\anche\AppData\Local\Programs\MiKTeX\tex/latex/url\url.sty
\Urlmuskip=\muskip16
Package: url 2013/09/16  ver 3.4  Verb mode for urls, etc.
)
LaTeX Info: Redefining \url on input line 4749.
\XeTeXLinkMargin=\dimen198

(C:\Users\anche\AppData\Local\Programs\MiKTeX\tex/generic/bitset\bitset.sty
Package: bitset 2019/12/09 v1.3 Handle bit-vector datatype (HO)
)
\Fld@menulength=\count334
\Field@Width=\dimen199
\Fld@charsize=\dimen256
Package hyperref Info: Hyper figures OFF on input line 6027.
Package hyperref Info: Link nesting OFF on input line 6032.
Package hyperref Info: Hyper index ON on input line 6035.
Package hyperref Info: backreferencing ON on input line 6040.
Package hyperref Info: Link coloring OFF on input line 6047.
Package hyperref Info: Link coloring with OCG OFF on input line 6052.
Package hyperref Info: PDF/A mode OFF on input line 6057.
LaTeX Info: Redefining \ref on input line 6097.
LaTeX Info: Redefining \pageref on input line 6101.

(C:\Users\anche\AppData\Local\Programs\MiKTeX\tex/latex/base\atbegshi-ltx.sty
Package: atbegshi-ltx 2021/01/10 v1.0c Emulation of the original atbegshi
package with kernel methods
)
\Hy@abspage=\count335
\c@Item=\count336
\c@Hfootnote=\count337
)
Package hyperref Info: Driver: hpdftex.
(C:\Users\anche\AppData\Local\Programs\MiKTeX\tex/latex/hyperref\hpdftex.def
File: hpdftex.def 2022-02-21 v7.00n Hyperref driver for pdfTeX
\Fld@listcount=\count338
\c@bookmark@seq@number=\count339
\Hy@SectionHShift=\skip127
)
Package hyperref Info: Option `colorlinks' set `true' on input line 162.
Package hyperref Info: Option `unicode' set `true' on input line 162.

(C:\Users\anche\AppData\Local\Programs\MiKTeX\tex/latex/caption\caption.sty
Package: caption 2023/03/12 v3.6j Customizing captions (AR)

(C:\Users\anche\AppData\Local\Programs\MiKTeX\tex/latex/caption\caption3.sty
Package: caption3 2023/03/12 v2.4 caption3 kernel (AR)
\caption@tempdima=\dimen257
\captionmargin=\dimen258
\caption@leftmargin=\dimen259
\caption@rightmargin=\dimen260
\caption@width=\dimen261
\caption@indent=\dimen262
\caption@parindent=\dimen263
\caption@hangindent=\dimen264
Package caption Info: Standard document class detected.
)
\c@caption@flags=\count340
\c@continuedfloat=\count341
Package caption Info: changepage package is loaded.
\caption@adjustwidth@hsize=\dimen265
\caption@adjustwidth@linewidth=\dimen266
Package caption Info: float package is loaded.
Package caption Info: hyperref package is loaded.
Package caption Info: longtable package is loaded.

(C:\Users\anche\AppData\Local\Programs\MiKTeX\tex/latex/caption\ltcaption.sty
Package: ltcaption 2021/01/08 v1.4c longtable captions (AR)
)) (etoc_doxygen.sty
Package: etoc_doxygen 2023/05/01 v1.2a Completely customisable TOCs (JFB)
\Etoc@toctoks=\toks35
\c@etoc@tocid=\count342
\etoc@framed@titlebox=\box119
\etoc@framed@contentsbox=\box120
)
LaTeX Font Info:    Trying to load font information for T1+phv on input line 18
4.

(C:\Users\anche\AppData\Local\Programs\MiKTeX\tex/latex/psnfss\t1phv.fd
File: t1phv.fd 2020/03/25 scalable font definitions for T1/phv.
)
LaTeX Font Info:    Font shape `T1/phv/m/n' will be
(Font)              scaled to size 8.99994pt on input line 184.

(C:\Users\anche\AppData\Local\Programs\MiKTeX\tex/latex/l3backend\l3backend-pdf
tex.def
File: l3backend-pdftex.def 2022-02-07 L3 backend support: PDF output (pdfTeX)
\l__color_backend_stack_int=\count343
\l__pdf_internal_box=\box121
) (refman.aux

LaTeX Warning: Label `class_ui___g_u_i_class_adb316b97c3459c7335479a71bbebd9de'
 multiply defined.


LaTeX Warning: Label `class_ui___g_u_i_class_a81ab1a446b71bd28a4bd7a7c78fe8e9f'
 multiply defined.

)
\openout1 = `refman.aux'.

LaTeX Font Info:    Checking defaults for OML/cmm/m/it on input line 184.
LaTeX Font Info:    ... okay on input line 184.
LaTeX Font Info:    Checking defaults for OMS/cmsy/m/n on input line 184.
LaTeX Font Info:    ... okay on input line 184.
LaTeX Font Info:    Checking defaults for OT1/cmr/m/n on input line 184.
LaTeX Font Info:    ... okay on input line 184.
LaTeX Font Info:    Checking defaults for T1/cmr/m/n on input line 184.
LaTeX Font Info:    ... okay on input line 184.
LaTeX Font Info:    Checking defaults for TS1/cmr/m/n on input line 184.
LaTeX Font Info:    ... okay on input line 184.
LaTeX Font Info:    Checking defaults for OMX/cmex/m/n on input line 184.
LaTeX Font Info:    ... okay on input line 184.
LaTeX Font Info:    Checking defaults for U/cmr/m/n on input line 184.
LaTeX Font Info:    ... okay on input line 184.
LaTeX Font Info:    Checking defaults for PD1/pdf/m/n on input line 184.
LaTeX Font Info:    ... okay on input line 184.
LaTeX Font Info:    Checking defaults for PU/pdf/m/n on input line 184.
LaTeX Font Info:    ... okay on input line 184.

(C:\Users\anche\AppData\Local\Programs\MiKTeX\tex/context/base/mkii\supp-pdf.mk
ii
[Loading MPS to PDF converter (version 2006.09.02).]
\scratchcounter=\count344
\scratchdimen=\dimen267
\scratchbox=\box122
\nofMPsegments=\count345
\nofMParguments=\count346
\everyMPshowfont=\toks36
\MPscratchCnt=\count347
\MPscratchDim=\dimen268
\MPnumerator=\count348
\makeMPintoPDFobject=\count349
\everyMPtoPDFconversion=\toks37
)
(C:\Users\anche\AppData\Local\Programs\MiKTeX\tex/latex/epstopdf-pkg\epstopdf-b
ase.sty
Package: epstopdf-base 2020-01-24 v2.11 Base part for package epstopdf
Package epstopdf-base Info: Redefining graphics rule for `.eps' on input line 4
85.

(C:\Users\anche\AppData\Local\Programs\MiKTeX\tex/latex/00miktex\epstopdf-sys.c
fg
File: epstopdf-sys.cfg 2021/03/18 v2.0 Configuration of epstopdf for MiKTeX
))
*geometry* driver: auto-detecting
*geometry* detected driver: pdftex
*geometry* verbose mode - [ preamble ] result:
* driver: pdftex
* paper: a4paper
* layout: <same size as paper>
* layoutoffset:(h,v)=(0.0pt,0.0pt)
* modes: twoside 
* h-part:(L,W,R)=(71.13188pt, 455.24411pt, 71.13188pt)
* v-part:(T,H,B)=(71.13188pt, 702.78308pt, 71.13188pt)
* \paperwidth=597.50787pt
* \paperheight=845.04684pt
* \textwidth=455.24411pt
* \textheight=702.78308pt
* \oddsidemargin=-1.1381pt
* \evensidemargin=-1.1381pt
* \topmargin=-31.2056pt
* \headheight=12.0pt
* \headsep=18.06749pt
* \topskip=10.0pt
* \footskip=25.29494pt
* \marginparwidth=125.0pt
* \marginparsep=7.0pt
* \columnsep=10.0pt
* \skip\footins=9.0pt plus 4.0pt minus 2.0pt
* \hoffset=0.0pt
* \voffset=0.0pt
* \mag=1000
* \@twocolumnfalse
* \@twosidetrue
* \@mparswitchtrue
* \@reversemarginfalse
* (1in=72.27pt=25.4mm, 1cm=28.453pt)

Package backref Info: ** backref set up for natbib ** on input line 184.
Package hyperref Info: Link coloring ON on input line 184.
(C:\Users\anche\AppData\Local\Programs\MiKTeX\tex/latex/hyperref\nameref.sty
Package: nameref 2021-04-02 v2.47 Cross-referencing by name of section

(C:\Users\anche\AppData\Local\Programs\MiKTeX\tex/latex/refcount\refcount.sty
Package: refcount 2019/12/15 v3.6 Data extraction from label references (HO)
)
(C:\Users\anche\AppData\Local\Programs\MiKTeX\tex/generic/gettitlestring\gettit
lestring.sty
Package: gettitlestring 2019/12/15 v1.6 Cleanup title references (HO)
)
\c@section@level=\count350
)
LaTeX Info: Redefining \ref on input line 184.
LaTeX Info: Redefining \pageref on input line 184.
LaTeX Info: Redefining \nameref on input line 184.
 (refman.out) (refman.out)
\@outlinefile=\write5
\openout5 = `refman.out'.

Package caption Info: Begin \AtBeginDocument code.
Package caption Info: End \AtBeginDocument code.
\Etoc@tf=\read5
Package hyperref Info: Option `pageanchor' set `false' on input line 192.
Package hyperref Info: Option `bookmarksnumbered' set `true' on input line 192.

Package hyperref Info: Option `unicode' set `true' on input line 192.
LaTeX Font Info:    Font shape `T1/phv/m/n' will be
(Font)              scaled to size 12.9599pt on input line 197.
LaTeX Font Info:    Font shape `T1/phv/m/n' will be
(Font)              scaled to size 6.29996pt on input line 197.
LaTeX Font Info:    Trying to load font information for U+msa on input line 197
.

(C:\Users\anche\AppData\Local\Programs\MiKTeX\tex/latex/amsfonts\umsa.fd
File: umsa.fd 2013/01/14 v3.01 AMS symbols A
)
LaTeX Font Info:    Trying to load font information for U+msb on input line 197
.

(C:\Users\anche\AppData\Local\Programs\MiKTeX\tex/latex/amsfonts\umsb.fd
File: umsb.fd 2013/01/14 v3.01 AMS symbols B
)
LaTeX Font Info:    Trying to load font information for U+wasy on input line 19
7.

(C:\Users\anche\AppData\Local\Programs\MiKTeX\tex/latex/wasysym\uwasy.fd
File: uwasy.fd 2020/01/19 v2.4 Wasy-2 symbol font definitions
)
LaTeX Font Info:    Font shape `T1/phv/m/n' will be
(Font)              scaled to size 10.79993pt on input line 199.

[1


{C:/Users/anche/AppData/Local/MiKTeX/fonts/map/pdftex/pdftex.map}] [2

]
\tf@toc=\write6
\openout6 = `refman.toc'.

LaTeX Font Info:    Font shape `T1/phv/b/n' will be
(Font)              scaled to size 8.99994pt on input line 205.
LaTeX Font Info:    Font shape `T1/phv/b/n' will be
(Font)              scaled to size 6.29996pt on input line 205.
LaTeX Font Info:    Font shape `T1/phv/m/n' will be
(Font)              scaled to size 7.19995pt on input line 205.
LaTeX Font Info:    Trying to load font information for T1+pcr on input line 20
5.

(C:\Users\anche\AppData\Local\Programs\MiKTeX\tex/latex/psnfss\t1pcr.fd
File: t1pcr.fd 2001/06/04 font definitions for T1/pcr.
)
[1] [2] [3] [4] [5] [6] [7] [8] [9] [10]
Package hyperref Info: Option `pageanchor' set `true' on input line 208.
 (index.tex
Kapitel 1.
LaTeX Font Info:    Font shape `T1/phv/m/n' will be
(Font)              scaled to size 18.66588pt on input line 1.
LaTeX Font Info:    Font shape `T1/phv/b/n' will be
(Font)              scaled to size 18.66588pt on input line 1.
LaTeX Font Info:    Font shape `T1/phv/b/n' will be
(Font)              scaled to size 22.39185pt on input line 1.
LaTeX Font Info:    Font shape `T1/phv/b/n' will be
(Font)              scaled to size 12.9599pt on input line 3.
LaTeX Font Info:    Font shape `T1/phv/b/n' will be
(Font)              scaled to size 10.79993pt on input line 5.
) [1


] [2

]
Kapitel 2.
(namespaces.tex) [3] [4

]
Kapitel 3.
(hierarchy.tex) [5] [6

]
Kapitel 4.
(annotated.tex) [7] [8

]
Kapitel 5.
(files.tex [9]) [10]
Kapitel 6.
(namespace_q_t___w_a_r_n_i_n_g___d_i_s_a_b_l_e___d_e_p_r_e_c_a_t_e_d.tex
LaTeX Font Info:    Trying to load font information for TS1+phv on input line 6
.

(C:\Users\anche\AppData\Local\Programs\MiKTeX\tex/latex/psnfss\ts1phv.fd
File: ts1phv.fd 2020/03/25 scalable font definitions for TS1/phv.
)
LaTeX Font Info:    Font shape `TS1/phv/m/n' will be
(Font)              scaled to size 8.99994pt on input line 6.
)
(namespace_ui.tex) [11

] [12

]
Kapitel 7.
(class_c_euler_matrix.tex
LaTeX Font Info:    Font shape `T1/phv/m/n' will be
(Font)              scaled to size 8.09995pt on input line 16.
LaTeX Font Info:    Font shape `T1/phv/m/it' in size <9> not available
(Font)              Font shape `T1/phv/m/sl' tried instead on input line 16.
LaTeX Font Info:    Font shape `T1/phv/m/sl' will be
(Font)              scaled to size 8.09995pt on input line 16.
LaTeX Font Info:    Font shape `T1/phv/b/n' will be
(Font)              scaled to size 7.19995pt on input line 51.
LaTeX Font Info:    Font shape `T1/pcr/m/it' in size <8> not available
(Font)              Font shape `T1/pcr/m/sl' tried instead on input line 52.
 [13]
LaTeX Font Info:    Font shape `T1/phv/bc/n' will be
(Font)              scaled to size 8.99994pt on input line 58.

Underfull \hbox (badness 10000) detected at line 58
[][][]
 []

LaTeX Font Info:    Font shape `T1/pcr/m/it' in size <7> not available
(Font)              Font shape `T1/pcr/m/sl' tried instead on input line 86.

Underfull \hbox (badness 10000) detected at line 97
[][][]
 []

[14]
Underfull \hbox (badness 10000) detected at line 163
[][][]
 []

[15]
Underfull \hbox (badness 10000) detected at line 204
[][][]
 []


Underfull \hbox (badness 10000) detected at line 275
[][][]
 []

[16] [17]) (class_c_input_parameter.tex [18] [19]
Underfull \hbox (badness 10000) detected at line 100
[][][]
 []


Overfull \hbox (60.09875pt too wide) in paragraph at lines 101--102
[][] 
 []

[20] [21]
Underfull \hbox (badness 10000) detected at line 149
[][][]
 []

[22]
Underfull \hbox (badness 10000) detected at line 258
[][][]
 []

[23]
Underfull \hbox (badness 10000) detected at line 319
[][][]
 []


Underfull \hbox (badness 10000) detected at line 405
[][][]
 []

[24] [25]
Overfull \hbox (24.8326pt too wide) in paragraph at lines 550--551
[]\T1/phv/m/n/10 Benutzt [], [], [], [] und []. 
 []

[26]
Overfull \vbox (32.3443pt too high) has occurred while \output is active []


[27] [28] [29]) (class_c_input_point3_d.tex [30] <./class_c_input_point3_d.pdf>
<class_c_input_point3_d.pdf, id=2800, 501.875pt x 401.5pt>
File: class_c_input_point3_d.pdf Graphic file (type pdf)
<use class_c_input_point3_d.pdf>
Package pdftex.def Info: class_c_input_point3_d.pdf  used on input line 15.
(pdftex.def)             Requested size: 71.12737pt x 56.9055pt.
[31] [32]
Underfull \hbox (badness 10000) detected at line 103
[][][]
 []


Underfull \hbox (badness 10000) detected at line 145
[][][]
 []

[33]
Underfull \hbox (badness 10000) detected at line 200
[][][]
 []


Underfull \hbox (badness 10000) detected at line 232
[][][]
 []

[34]
Overfull \hbox (56.60338pt too wide) in paragraph at lines 286--287
[]\T1/phv/m/n/10 Wird be-nutzt von [], [], []
 []

[35]
Overfull \hbox (56.60338pt too wide) in paragraph at lines 364--365
[]\T1/phv/m/n/10 Wird be-nutzt von [], [], []
 []

) (class_c_line3_d.tex [36]
Underfull \hbox (badness 10000) detected at line 50
[][][]
 []


Underfull \hbox (badness 10000) detected at line 73
[][][]
 []

[37]) (class_c_logging.tex [38]
Underfull \hbox (badness 10000) detected at line 62
[][][]
 []

[39]
Underfull \hbox (badness 10000) detected at line 90
[][][]
 []


Underfull \hbox (badness 10000) detected at line 143
[][][]
 []


Overfull \hbox (31.70952pt too wide) in paragraph at lines 163--164
[]\T1/phv/m/n/10 Wird be-nutzt von [], [], []
 []

[40] [41]
Overfull \hbox (31.70952pt too wide) in paragraph at lines 338--339
[]\T1/phv/m/n/10 Wird be-nutzt von [], [], []
 []

[42]
Overfull \hbox (31.70952pt too wide) in paragraph at lines 372--373
[]\T1/phv/m/n/10 Wird be-nutzt von [], [], []
 []

) (class_c_mean_filter.tex [43]
Underfull \hbox (badness 10000) detected at line 60
[][][]
 []

[44]
Underfull \hbox (badness 10000) detected at line 146
[][][]
 []

[45]
Underfull \hbox (badness 10000) detected at line 211
[][][]
 []


Underfull \hbox (badness 10000) detected at line 243
[][][]
 []

[46] [47]) (class_c_output_point3_d.tex <./class_c_output_point3_d.pdf>
<class_c_output_point3_d.pdf, id=3355, 501.875pt x 365.365pt>
File: class_c_output_point3_d.pdf Graphic file (type pdf)
<use class_c_output_point3_d.pdf>
Package pdftex.def Info: class_c_output_point3_d.pdf  used on input line 15.
(pdftex.def)             Requested size: 78.16505pt x 56.9055pt.

[48] [49]
Underfull \hbox (badness 10000) detected at line 113
[][][]
 []

[50]
Underfull \hbox (badness 10000) detected at line 162
[][][]
 []


Underfull \hbox (badness 10000) detected at line 220
[][][]
 []

[51]
Underfull \hbox (badness 10000) detected at line 248
[][][]
 []


Underfull \hbox (badness 10000) detected at line 276
[][][]
 []


Underfull \hbox (badness 10000) detected at line 304
[][][]
 []

[52] [53]) (class_c_path_builder.tex [54] [55] [56]
Underfull \hbox (badness 1622) in paragraph at lines 133--134
[]\T1/phv/m/n/10 Benutzt [], [], [], [], [],
 []


Underfull \hbox (badness 10000) detected at line 149
[][][]
 []

) (class_c_point3_d.tex <./class_c_point3_d.pdf>
<class_c_point3_d.pdf, id=3637, 501.875pt x 182.6825pt>
File: class_c_point3_d.pdf Graphic file (type pdf)
<use class_c_point3_d.pdf>
Package pdftex.def Info: class_c_point3_d.pdf  used on input line 15.
(pdftex.def)             Requested size: 156.33012pt x 56.9055pt.
 [57] [58]
Underfull \hbox (badness 10000) detected at line 76
[][][]
 []

[59]
Underfull \hbox (badness 10000) detected at line 115
[][][]
 []


Underfull \hbox (badness 10000) detected at line 173
[][][]
 []

[60]
Underfull \hbox (badness 10000) detected at line 233
[][][]
 []


Underfull \hbox (badness 10000) detected at line 261
[][][]
 []

[61]
Underfull \hbox (badness 10000) detected at line 293
[][][]
 []


Underfull \hbox (badness 10000) detected at line 325
[][][]
 []


Overfull \vbox (8.1432pt too high) has occurred while \output is active []


[62] [63] [64]) (class_c_rob_code_generator.tex [65]
Underfull \hbox (badness 10000) detected at line 58
[][][]
 []


Overfull \hbox (68.45517pt too wide) in paragraph at lines 59--60
[][] 
 []

[66]
Underfull \hbox (badness 10000) detected at line 96
[][][]
 []


Overfull \hbox (1.47571pt too wide) in paragraph at lines 3--4
[]\T1/phv/m/n/10 p[] 
 []

[67]
Overfull \hbox (31.87044pt too wide) in paragraph at lines 176--177
[]\T1/phv/m/n/10 Benutzt [], [], [], []
 []


Underfull \hbox (badness 10000) detected at line 201
[][][]
 []

LaTeX Font Info:    Trying to load font information for TS1+pcr on input line 2
20.
(C:\Users\anche\AppData\Local\Programs\MiKTeX\tex/latex/psnfss\ts1pcr.fd
File: ts1pcr.fd 2001/06/04 font definitions for TS1/pcr.
)
[68]
Overfull \hbox (68.07687pt too wide) in paragraph at lines 315--316
[]\T1/phv/m/n/10 Benutzt [], [], [], [],
 []

[69]
Underfull \hbox (badness 10000) in paragraph at lines 382--383
[]\T1/phv/m/n/10 , [], [], [], [],
 []


Overfull \hbox (23.30257pt too wide) in paragraph at lines 382--383
[]\T1/phv/m/n/10 , [], [], [], []
 []

[70]) (class_c_segment_approximator.tex [71] [72]
Underfull \hbox (badness 10000) in paragraph at lines 139--140
[]\T1/phv/m/n/10 Benutzt [], [], [], [] und
 []

[73]
Underfull \hbox (badness 1742) in paragraph at lines 216--217
[]\T1/phv/m/n/10 Benutzt [], [], [], [],
 []


Underfull \hbox (badness 10000) detected at line 232
[][][]
 []


Underfull \hbox (badness 10000) detected at line 260
[][][]
 []

[74]) (class_g_u_i.tex <./class_g_u_i.pdf>
<class_g_u_i.pdf, id=4207, 501.875pt x 394.47375pt>
File: class_g_u_i.pdf Graphic file (type pdf)
<use class_g_u_i.pdf>
Package pdftex.def Info: class_g_u_i.pdf  used on input line 15.
(pdftex.def)             Requested size: 72.39859pt x 56.9055pt.
 [75] [76] [77]
Underfull \hbox (badness 10000) in paragraph at lines 182--183
[]\T1/phv/m/n/10 Benutzt [], [], [], [], [],
 []


Overfull \hbox (42.0323pt too wide) in paragraph at lines 182--183
[]\T1/phv/m/n/10 , [], [], [], [],
 []


Underfull \hbox (badness 10000) in paragraph at lines 182--183
[]\T1/phv/m/n/10 , [], [], [], [], [],
 []


Underfull \hbox (badness 4391) in paragraph at lines 182--183
[]\T1/phv/m/n/10 , [], [], [], [],
 []


Overfull \hbox (30.77295pt too wide) in paragraph at lines 182--183
[]\T1/phv/m/n/10 , [], [], [], [], [],
 []

[78] [79] [80]
Overfull \hbox (51.87805pt too wide) in paragraph at lines 440--441
[]\T1/phv/m/n/10 Benutzt [], [], [], [],
 []


Underfull \hbox (badness 10000) in paragraph at lines 440--441
[]\T1/phv/m/n/10 , [], [], [],
 []


Overfull \hbox (72.70372pt too wide) in paragraph at lines 440--441
[]\T1/phv/m/n/10 , [], [], [], [],
 []

[81]
Underfull \hbox (badness 7397) in paragraph at lines 588--589
[]\T1/phv/m/n/10 Benutzt [], [], [], [],
 []

[82] [83]) (class_ui_1_1_g_u_i_class.tex <./class_ui_1_1_g_u_i_class.pdf>
<class_ui_1_1_g_u_i_class.pdf, id=4807, 501.875pt x 451.6875pt>
File: class_ui_1_1_g_u_i_class.pdf Graphic file (type pdf)
<use class_ui_1_1_g_u_i_class.pdf>
Package pdftex.def Info: class_ui_1_1_g_u_i_class.pdf  used on input line 10.
(pdftex.def)             Requested size: 63.22432pt x 56.9055pt.

[84] [85])
(struct_q_t___w_a_r_n_i_n_g___d_i_s_a_b_l_e___d_e_p_r_e_c_a_t_e_d_1_1qt__meta__
stringdata___c_l_a_s_s_g_u_i_e_n_d_c_l_a_s_s__t.tex [86]

Package fancyhdr Warning: \headheight is too small (12.0pt): 
(fancyhdr)                Make it at least 22.16548pt, for example:
(fancyhdr)                \setlength{\headheight}{22.16548pt}.
(fancyhdr)                You might also make \topmargin smaller to compensate:

(fancyhdr)                \addtolength{\topmargin}{-10.16548pt}.

[87])
(struct_q_t___w_a_r_n_i_n_g___d_i_s_a_b_l_e___d_e_p_r_e_c_a_t_e_d_1_1qt__meta__
stringdata___c_l_a_s_s_switch_e_n_d_c_l_a_s_s__t.tex
Underfull \hbox (badness 10000) in paragraph at lines 28--29
\T1/pcr/m/n/8 uint QT[]_[][]WARNING[]_[][]DISABLE[]_[][]DEPRECATED[]::qt[]_[]me
ta[]_[]stringdata[]_[][]CLASSSwitch[]ENDCLASS[]_[]t[]::offsets[]And[]
 []

[88]) (class_ui___g_u_i_class.tex <./class_ui___g_u_i_class.pdf>
<class_ui___g_u_i_class.pdf, id=4996, 501.875pt x 451.6875pt>
File: class_ui___g_u_i_class.pdf Graphic file (type pdf)
<use class_ui___g_u_i_class.pdf>
Package pdftex.def Info: class_ui___g_u_i_class.pdf  used on input line 10.
(pdftex.def)             Requested size: 63.22432pt x 56.9055pt.
 [89] [90]
[91
pdfTeX warning (ext4): destination with the same identifier (name{class_ui___g_
u_i_class_adb316b97c3459c7335479a71bbebd9de}) has been already used, duplicate 
ignored
<argument> ...shipout:D \box_use:N \l_shipout_box 
                                                  \__shipout_drop_firstpage_...
l.194 \doxysubsubsection
                        {\texorpdfstring{setupUi()}{setupUi()}\hspace{0.1cm}...
] [92] [93] [94]
pdfTeX warning (ext4): destination with the same identifier (name{class_ui___g_
u_i_class_a81ab1a446b71bd28a4bd7a7c78fe8e9f}) has been already used, duplicate 
ignored
<to be read again> 
                   \relax 
l.477 ..._class_a81ab1a446b71bd28a4bd7a7c78fe8e9f}
                                                  \label{class_ui___g_u_i_cl...
[95] [96] [97] [98] [99] [100] [101] [102]) [103] [104

]
Kapitel 8.
(_euler_matrix_8h.tex
Underfull \hbox (badness 10000) in paragraph at lines 8--10

 []

) (_euler_matrix_8h_source.tex [105]) (_g_u_i_8h.tex
Underfull \hbox (badness 10000) in paragraph at lines 8--14

 []

) (_g_u_i_8h_source.tex [106]) (_input_parameter_8h.tex
Underfull \hbox (badness 10000) in paragraph at lines 8--17

 []

) (_input_parameter_8h_source.tex [107]) (_line3_d_8h.tex
Underfull \hbox (badness 10000) in paragraph at lines 8--10

 []

[108]) (_line3_d_8h_source.tex) (_logging_8h.tex
Underfull \hbox (badness 10000) in paragraph at lines 8--16

 []

) (_logging_8h_source.tex [109]) (_mean_filter_8h.tex
Underfull \hbox (badness 10000) in paragraph at lines 8--13

 []

) (_mean_filter_8h_source.tex [110]) (_path_builder_8h.tex
Underfull \hbox (badness 10000) in paragraph at lines 8--13

 []

) (_path_builder_8h_source.tex [111]) (_point3_d_8h.tex
Underfull \hbox (badness 10000) in paragraph at lines 8--9

 []

) (_point3_d_8h_source.tex [112]) (_rob_code_generator_8h.tex
Underfull \hbox (badness 10000) in paragraph at lines 8--14

 []

[113]) (_rob_code_generator_8h_source.tex) (_segment_approximator_8h.tex
[114]
Underfull \hbox (badness 10000) in paragraph at lines 8--14

 []

) (_segment_approximator_8h_source.tex) (_euler_matrix_8cpp.tex
Underfull \hbox (badness 10000) in paragraph at lines 8--10

 []

[115]) (_euler_matrix_8cpp_source.tex [116]) (_g_u_i_8cpp.tex
Underfull \hbox (badness 10000) in paragraph at lines 8--14

 []

[117]) (_g_u_i_8cpp_source.tex [118] [119] [120]) (_input_parameter_8cpp.tex
Underfull \hbox (badness 10000) in paragraph at lines 8--11

 []

) (_input_parameter_8cpp_source.tex [121] [122]) (_line3_d_8cpp.tex
Underfull \hbox (badness 10000) in paragraph at lines 8--10

 []

) (_line3_d_8cpp_source.tex [123]) (_logging_8cpp.tex
Underfull \hbox (badness 10000) in paragraph at lines 8--9

 []

) (_logging_8cpp_source.tex [124] [125]) (_mean_filter_8cpp.tex
Underfull \hbox (badness 10000) in paragraph at lines 8--11

 []

) (_mean_filter_8cpp_source.tex [126]) (_path_builder_8cpp.tex
Underfull \hbox (badness 10000) in paragraph at lines 8--9

 []

) (_path_builder_8cpp_source.tex [127]) (_point3_d_8cpp.tex
Underfull \hbox (badness 10000) in paragraph at lines 8--11

 []

) (_point3_d_8cpp_source.tex [128] [129] [130]) (_rob_code_generator_8cpp.tex
Underfull \hbox (badness 10000) in paragraph at lines 8--10

 []

) (_rob_code_generator_8cpp_source.tex [131] [132]) (_rob_path_editor_8cpp.tex
Underfull \hbox (badness 10000) in paragraph at lines 8--12

 []

[133]) (_rob_path_editor_8cpp_source.tex) (_segment_approximator_8cpp.tex
Underfull \hbox (badness 10000) in paragraph at lines 8--11

 []

) (_segment_approximator_8cpp_source.tex [134] [135])
(_debug_2moc_2moc___g_u_i_8cpp.tex
Underfull \hbox (badness 10000) in paragraph at lines 3--7

 []


Underfull \hbox (badness 10000) in paragraph at lines 41--42
|   \T1/pcr/m/sl/8 len \T1/pcr/m/n/8 )  uint(sizeof(qt[]_[]meta[]_[]stringdata[
]_[][]CLASSGUIENDCLASS[]_[]t[]::offsets[]And[]Sizes) +
 []

) (_debug_2moc_2moc___g_u_i_8cpp_source.tex [136] [137] [138] [139])
(_release_2moc_2moc___g_u_i_8cpp.tex
Underfull \hbox (badness 10000) in paragraph at lines 3--7

 []


Underfull \hbox (badness 10000) in paragraph at lines 41--42
|   \T1/pcr/m/sl/8 len \T1/pcr/m/n/8 )  uint(sizeof(qt[]_[]meta[]_[]stringdata[
]_[][]CLASSGUIENDCLASS[]_[]t[]::offsets[]And[]Sizes) +
 []

) (_release_2moc_2moc___g_u_i_8cpp_source.tex [140] [141] [142])
(moc__switch_8cpp.tex
Underfull \hbox (badness 10000) in paragraph at lines 3--8

 []

[143]
Underfull \hbox (badness 10000) in paragraph at lines 42--43
|   \T1/pcr/m/sl/8 len \T1/pcr/m/n/8 )  uint(sizeof(qt[]_[]meta[]_[]stringdata[
]_[][]CLASSSwitch[]ENDCLASS[]_[]t[]::offsets[]And[]Sizes) +
 []

) (moc__switch_8cpp_source.tex [144] [145]) (_debug_2rcc_2qrc___g_u_i_8cpp.tex
[146]) (_debug_2rcc_2qrc___g_u_i_8cpp_source.tex [147])
(_release_2rcc_2qrc___g_u_i_8cpp.tex [148])
(_release_2rcc_2qrc___g_u_i_8cpp_source.tex [149])
(_debug_2uic_2ui___g_u_i_8h.tex
Underfull \hbox (badness 10000) in paragraph at lines 3--14

 []

) (_debug_2uic_2ui___g_u_i_8h_source.tex [150] [151] [152] [153] [154])
(_release_2uic_2ui___g_u_i_8h.tex
Underfull \hbox (badness 10000) in paragraph at lines 3--14

 []

) (_release_2uic_2ui___g_u_i_8h_source.tex [155] [156] [157] [158] [159])
[160] (refman.ind
LaTeX Font Info:    Font shape `T1/phv/m/n' will be
(Font)              scaled to size 22.39185pt on input line 1.
 [161



] [162] [163]
Overfull \hbox (157.58717pt too wide) in paragraph at lines 408--410
[]| \T1/phv/m/n/10 QT_WARNING_DISABLE_DEPRECATED::qt_meta_stringdata_CLASSGUIEN
DCLASS_t,
 []


Overfull \hbox (168.09003pt too wide) in paragraph at lines 410--412
[]| \T1/phv/m/n/10 QT_WARNING_DISABLE_DEPRECATED::qt_meta_stringdata_CLASSSwitc
hENDCLASS_t,
 []


Overfull \hbox (137.58717pt too wide) in paragraph at lines 478--480
[]\T1/phv/m/n/10 QT_WARNING_DISABLE_DEPRECATED::qt_meta_stringdata_CLASSGUIENDC
LASS_t,
 []


Overfull \hbox (148.09003pt too wide) in paragraph at lines 495--497
[]\T1/phv/m/n/10 QT_WARNING_DISABLE_DEPRECATED::qt_meta_stringdata_CLASSSwitchE
NDCLASS_t,
 []

[164]
Overfull \hbox (157.58717pt too wide) in paragraph at lines 589--591
[]| \T1/phv/m/n/10 QT_WARNING_DISABLE_DEPRECATED::qt_meta_stringdata_CLASSGUIEN
DCLASS_t,
 []


Overfull \hbox (168.09003pt too wide) in paragraph at lines 591--593
[]| \T1/phv/m/n/10 QT_WARNING_DISABLE_DEPRECATED::qt_meta_stringdata_CLASSSwitc
hENDCLASS_t,
 []


Overfull \hbox (157.58717pt too wide) in paragraph at lines 594--596
[]| \T1/phv/m/n/10 QT_WARNING_DISABLE_DEPRECATED::qt_meta_stringdata_CLASSGUIEN
DCLASS_t,
 []


Overfull \hbox (168.09003pt too wide) in paragraph at lines 596--598
[]| \T1/phv/m/n/10 QT_WARNING_DISABLE_DEPRECATED::qt_meta_stringdata_CLASSSwitc
hENDCLASS_t,
 []


Overfull \hbox (157.58717pt too wide) in paragraph at lines 599--601
[]| \T1/phv/m/n/10 QT_WARNING_DISABLE_DEPRECATED::qt_meta_stringdata_CLASSGUIEN
DCLASS_t,
 []


Overfull \hbox (157.58717pt too wide) in paragraph at lines 602--604
[]| \T1/phv/m/n/10 QT_WARNING_DISABLE_DEPRECATED::qt_meta_stringdata_CLASSGUIEN
DCLASS_t,
 []


Overfull \hbox (157.58717pt too wide) in paragraph at lines 605--607
[]| \T1/phv/m/n/10 QT_WARNING_DISABLE_DEPRECATED::qt_meta_stringdata_CLASSGUIEN
DCLASS_t,
 []


Overfull \hbox (157.58717pt too wide) in paragraph at lines 608--610
[]| \T1/phv/m/n/10 QT_WARNING_DISABLE_DEPRECATED::qt_meta_stringdata_CLASSGUIEN
DCLASS_t,
 []


Overfull \hbox (157.58717pt too wide) in paragraph at lines 611--613
[]| \T1/phv/m/n/10 QT_WARNING_DISABLE_DEPRECATED::qt_meta_stringdata_CLASSGUIEN
DCLASS_t,
 []


Overfull \hbox (168.09003pt too wide) in paragraph at lines 613--615
[]| \T1/phv/m/n/10 QT_WARNING_DISABLE_DEPRECATED::qt_meta_stringdata_CLASSSwitc
hENDCLASS_t,
 []


Overfull \hbox (157.58717pt too wide) in paragraph at lines 616--618
[]| \T1/phv/m/n/10 QT_WARNING_DISABLE_DEPRECATED::qt_meta_stringdata_CLASSGUIEN
DCLASS_t,
 []

[165]
Overfull \hbox (157.58717pt too wide) in paragraph at lines 619--621
[]| \T1/phv/m/n/10 QT_WARNING_DISABLE_DEPRECATED::qt_meta_stringdata_CLASSGUIEN
DCLASS_t,
 []


Overfull \hbox (157.58717pt too wide) in paragraph at lines 622--624
[]| \T1/phv/m/n/10 QT_WARNING_DISABLE_DEPRECATED::qt_meta_stringdata_CLASSGUIEN
DCLASS_t,
 []


Overfull \hbox (157.58717pt too wide) in paragraph at lines 625--627
[]| \T1/phv/m/n/10 QT_WARNING_DISABLE_DEPRECATED::qt_meta_stringdata_CLASSGUIEN
DCLASS_t,
 []


Overfull \hbox (157.58717pt too wide) in paragraph at lines 628--630
[]| \T1/phv/m/n/10 QT_WARNING_DISABLE_DEPRECATED::qt_meta_stringdata_CLASSGUIEN
DCLASS_t,
 []


Overfull \hbox (157.58717pt too wide) in paragraph at lines 631--633
[]| \T1/phv/m/n/10 QT_WARNING_DISABLE_DEPRECATED::qt_meta_stringdata_CLASSGUIEN
DCLASS_t,
 []


Overfull \hbox (157.58717pt too wide) in paragraph at lines 634--636
[]| \T1/phv/m/n/10 QT_WARNING_DISABLE_DEPRECATED::qt_meta_stringdata_CLASSGUIEN
DCLASS_t,
 []

[166]) (refman.aux)

LaTeX Warning: There were multiply-defined labels.

Package rerunfilecheck Info: File `refman.out' has not changed.
(rerunfilecheck)             Checksum: 27BD9E5F671EE03EBB059E6DA5ECE9B3;82003.
 ) 
Here is how much of TeX's memory you used:
 24200 strings out of 478582
 492753 string characters out of 2844345
 751691 words of memory out of 3000000
 37752 multiletter control sequences out of 15000+600000
 526150 words of font info for 99 fonts, out of 8000000 for 9000
 1141 hyphenation exceptions out of 8191
 99i,16n,117p,3268b,710s stack positions out of 10000i,1000n,20000p,200000b,80000s
{C:/Users/anche/AppData/Local/Programs/MiKTeX/fonts/enc/dvips/base/8r.enc}<C:
/Users/anche/AppData/Local/Programs/MiKTeX/fonts/type1/public/amsfonts/cm/cmmi1
0.pfb><C:/Users/anche/AppData/Local/Programs/MiKTeX/fonts/type1/public/amsfonts
/cm/cmmi7.pfb><C:/Users/anche/AppData/Local/Programs/MiKTeX/fonts/type1/public/
amsfonts/cm/cmmi8.pfb><C:/Users/anche/AppData/Local/Programs/MiKTeX/fonts/type1
/public/amsfonts/cm/cmsy10.pfb><C:/Users/anche/AppData/Local/Programs/MiKTeX/fo
nts/type1/public/amsfonts/cm/cmsy7.pfb><C:/Users/anche/AppData/Local/Programs/M
iKTeX/fonts/type1/public/amsfonts/cm/cmsy8.pfb><C:/Users/anche/AppData/Local/Pr
ograms/MiKTeX/fonts/type1/urw/courier/ucrb8a.pfb><C:/Users/anche/AppData/Local/
Programs/MiKTeX/fonts/type1/urw/courier/ucrr8a.pfb><C:/Users/anche/AppData/Loca
l/Programs/MiKTeX/fonts/type1/urw/courier/ucrro8a.pfb><C:/Users/anche/AppData/L
ocal/Programs/MiKTeX/fonts/type1/urw/helvetic/uhvb8a.pfb><C:/Users/anche/AppDat
a/Local/Programs/MiKTeX/fonts/type1/urw/helvetic/uhvb8ac.pfb><C:/Users/anche/Ap
pData/Local/Programs/MiKTeX/fonts/type1/urw/helvetic/uhvr8a.pfb><C:/Users/anche
/AppData/Local/Programs/MiKTeX/fonts/type1/urw/helvetic/uhvro8a.pfb>
Output written on refman.pdf (178 pages, 2434218 bytes).
PDF statistics:
 12315 PDF objects out of 12825 (max. 8388607)
 4121 named destinations out of 4296 (max. 500000)
 3231 words of extra memory for PDF output out of 10000 (max. 10000000)

