c:\users\anche\documents\studium\infoprojekt\projekt\infoproj\release\robpatheditor.bsc
c:\users\anche\documents\studium\infoprojekt\projekt\infoproj\release\vc143.pdb
c:\users\anche\documents\studium\infoprojekt\projekt\infoproj\release\line3d.sbr
c:\users\anche\documents\studium\infoprojekt\projekt\infoproj\release\pathbuilder.sbr
c:\users\anche\documents\studium\infoprojekt\projekt\infoproj\release\point3d.sbr
c:\users\anche\documents\studium\infoprojekt\projekt\infoproj\release\robcodegenerator.sbr
c:\users\anche\documents\studium\infoprojekt\projekt\infoproj\release\robpatheditor.sbr
c:\users\anche\documents\studium\infoprojekt\projekt\infoproj\release\segmentapproximator.sbr
c:\users\anche\documents\studium\infoprojekt\projekt\infoproj\release\segmentsequencer.sbr
c:\users\anche\documents\studium\infoprojekt\projekt\infoproj\release\segmentsequencer.obj
c:\users\anche\documents\studium\infoprojekt\projekt\infoproj\release\segmentapproximator.obj
c:\users\anche\documents\studium\infoprojekt\projekt\infoproj\release\robpatheditor.obj
c:\users\anche\documents\studium\infoprojekt\projekt\infoproj\release\robcodegenerator.obj
c:\users\anche\documents\studium\infoprojekt\projekt\infoproj\release\pathbuilder.obj
c:\users\anche\documents\studium\infoprojekt\projekt\infoproj\release\line3d.obj
c:\users\anche\documents\studium\infoprojekt\projekt\infoproj\release\line2d.sbr
c:\users\anche\documents\studium\infoprojekt\projekt\infoproj\release\point2d.sbr
c:\users\anche\documents\studium\infoprojekt\projekt\infoproj\release\point3d.obj
c:\users\anche\documents\studium\infoprojekt\projekt\infoproj\release\robpatheditor.ipdb
c:\users\anche\documents\studium\infoprojekt\projekt\infoproj\release\robpatheditor.iobj
c:\users\anche\documents\studium\infoprojekt\projekt\infoproj\release\robpatheditor.exe
c:\users\anche\documents\studium\infoprojekt\projekt\infoproj\release\robpatheditor.pdb
c:\users\anche\documents\studium\infoprojekt\projekt\infoproj\release\line2d.obj
c:\users\anche\documents\studium\infoprojekt\projekt\infoproj\release\point2d.obj
c:\users\anche\documents\studium\infoprojekt\projekt\infoproj\release\robpatheditor.tlog\bscmake.command.1.tlog
c:\users\anche\documents\studium\infoprojekt\projekt\infoproj\release\robpatheditor.tlog\bscmake.read.1.tlog
c:\users\anche\documents\studium\infoprojekt\projekt\infoproj\release\robpatheditor.tlog\bscmake.write.1.tlog
c:\users\anche\documents\studium\infoprojekt\projekt\infoproj\release\robpatheditor.tlog\cl.command.1.tlog
c:\users\anche\documents\studium\infoprojekt\projekt\infoproj\release\robpatheditor.tlog\cl.items.tlog
c:\users\anche\documents\studium\infoprojekt\projekt\infoproj\release\robpatheditor.tlog\cl.read.1.tlog
c:\users\anche\documents\studium\infoprojekt\projekt\infoproj\release\robpatheditor.tlog\cl.write.1.tlog
c:\users\anche\documents\studium\infoprojekt\projekt\infoproj\release\robpatheditor.tlog\link.command.1.tlog
c:\users\anche\documents\studium\infoprojekt\projekt\infoproj\release\robpatheditor.tlog\link.read.1.tlog
c:\users\anche\documents\studium\infoprojekt\projekt\infoproj\release\robpatheditor.tlog\link.write.1.tlog
c:\users\anche\documents\studium\infoprojekt\projekt\infoproj\release\robpatheditor.tlog\link.write.2u.tlog
